0 info it worked if it ends with ok
1 verbose cli [ 'node', '/usr/local/bin/npm', 'install', '--save', 'node-glob' ]
2 info using npm@2.11.0
3 info using node@v0.10.25
4 verbose node symlink /usr/sbin/node
5 verbose install initial load of /home/dan/dev/ipa-input/package.json
6 verbose installManyTop reading scoped package data from /home/dan/dev/ipa-input/node_modules/alike/package.json
7 verbose installManyTop reading scoped package data from /home/dan/dev/ipa-input/node_modules/async/package.json
8 verbose installManyTop reading scoped package data from /home/dan/dev/ipa-input/node_modules/body-parser/package.json
9 verbose installManyTop reading scoped package data from /home/dan/dev/ipa-input/node_modules/brain/package.json
10 verbose installManyTop reading scoped package data from /home/dan/dev/ipa-input/node_modules/browser-sync/package.json
11 verbose installManyTop reading scoped package data from /home/dan/dev/ipa-input/node_modules/convnetjs/package.json
12 verbose installManyTop reading scoped package data from /home/dan/dev/ipa-input/node_modules/cors/package.json
13 verbose installManyTop reading scoped package data from /home/dan/dev/ipa-input/node_modules/del/package.json
14 verbose installManyTop reading scoped package data from /home/dan/dev/ipa-input/node_modules/express/package.json
15 verbose installManyTop reading scoped package data from /home/dan/dev/ipa-input/node_modules/filequeue/package.json
16 verbose installManyTop reading scoped package data from /home/dan/dev/ipa-input/node_modules/gulp/package.json
17 verbose installManyTop reading scoped package data from /home/dan/dev/ipa-input/node_modules/gulp-concat/package.json
18 verbose installManyTop reading scoped package data from /home/dan/dev/ipa-input/node_modules/gulp-eslint/package.json
19 verbose installManyTop reading scoped package data from /home/dan/dev/ipa-input/node_modules/gulp-htmlmin/package.json
20 verbose installManyTop reading scoped package data from /home/dan/dev/ipa-input/node_modules/gulp-load-plugins/package.json
21 verbose installManyTop reading scoped package data from /home/dan/dev/ipa-input/node_modules/gulp-order/package.json
22 verbose installManyTop reading scoped package data from /home/dan/dev/ipa-input/node_modules/gulp-plumber/package.json
23 verbose installManyTop reading scoped package data from /home/dan/dev/ipa-input/node_modules/gulp-ruby-sass/package.json
24 verbose installManyTop reading scoped package data from /home/dan/dev/ipa-input/node_modules/gulp-sourcemaps/package.json
25 verbose installManyTop reading scoped package data from /home/dan/dev/ipa-input/node_modules/gulp-traceur/package.json
26 verbose installManyTop reading scoped package data from /home/dan/dev/ipa-input/node_modules/gulp-uglify/package.json
27 verbose installManyTop reading scoped package data from /home/dan/dev/ipa-input/node_modules/knear/package.json
28 verbose installManyTop reading scoped package data from /home/dan/dev/ipa-input/node_modules/limits/package.json
29 verbose installManyTop reading scoped package data from /home/dan/dev/ipa-input/node_modules/multer/package.json
30 verbose installManyTop reading scoped package data from /home/dan/dev/ipa-input/node_modules/natural/package.json
31 verbose installManyTop reading scoped package data from /home/dan/dev/ipa-input/node_modules/node-png/package.json
32 verbose installManyTop reading scoped package data from /home/dan/dev/ipa-input/node_modules/png.js/package.json
33 verbose installManyTop reading scoped package data from /home/dan/dev/ipa-input/node_modules/pngparse/package.json
34 verbose installManyTop reading scoped package data from /home/dan/dev/ipa-input/node_modules/punycode/package.json
35 verbose installManyTop reading scoped package data from /home/dan/dev/ipa-input/node_modules/synaptic/package.json
36 info package.json convnetjs@0.3.0 No repository field.
37 info package.json convnetjs@0.3.0 No README data
38 info package.json filequeue@0.5.0 No license field.
39 info package.json gulp-concat@2.5.2 No license field.
40 info package.json png.js@0.1.1 No license field.
41 info package.json pngparse@2.0.1 No license field.
42 info package.json punycode@1.3.2 punycode is also the name of a node core module.
43 info package.json alike@1.3.0 license should be a valid SPDX license expression
44 info package.json brain@0.7.0 No license field.
45 info package.json gulp-eslint@0.12.0 No license field.
46 info package.json gulp-order@1.1.1 license should be a valid SPDX license expression
47 info package.json limits@0.0.5 No license field.
48 info package.json natural@0.2.1 No license field.
49 info package.json synaptic@0.1.7 license should be a valid SPDX license expression
50 verbose readDependencies loading dependencies from /home/dan/dev/ipa-input/package.json
51 silly cache add args [ 'node-glob', null ]
52 verbose cache add spec node-glob
53 silly cache add parsed spec { raw: 'node-glob',
53 silly cache add   scope: null,
53 silly cache add   name: 'node-glob',
53 silly cache add   rawSpec: '',
53 silly cache add   spec: '*',
53 silly cache add   type: 'range' }
54 silly addNamed node-glob@*
55 verbose addNamed "*" is a valid semver range for node-glob
56 silly addNameRange { name: 'node-glob', range: '*', hasData: false }
57 silly mapToRegistry name node-glob
58 silly mapToRegistry using default registry
59 silly mapToRegistry registry https://registry.npmjs.org/
60 silly mapToRegistry uri https://registry.npmjs.org/node-glob
61 verbose addNameRange registry:https://registry.npmjs.org/node-glob not in flight; fetching
62 verbose request uri https://registry.npmjs.org/node-glob
63 verbose request no auth needed
64 info attempt registry request try #1 at 22:46:27
65 verbose request id af76130431252c47
66 http request GET https://registry.npmjs.org/node-glob
67 http 404 https://registry.npmjs.org/node-glob
68 verbose headers { server: 'CouchDB/1.5.0 (Erlang OTP/R16B03)',
68 verbose headers   'content-type': 'application/json',
68 verbose headers   'cache-control': 'max-age=0',
68 verbose headers   'content-length': '51',
68 verbose headers   'accept-ranges': 'bytes',
68 verbose headers   date: 'Sat, 06 Jun 2015 02:46:28 GMT',
68 verbose headers   via: '1.1 varnish',
68 verbose headers   age: '0',
68 verbose headers   connection: 'keep-alive',
68 verbose headers   'x-served-by': 'cache-iad2120-IAD',
68 verbose headers   'x-cache': 'MISS',
68 verbose headers   'x-cache-hits': '0',
68 verbose headers   'x-timer': 'S1433558787.868127,VS0,VE354' }
69 silly get cb [ 404,
69 silly get   { server: 'CouchDB/1.5.0 (Erlang OTP/R16B03)',
69 silly get     'content-type': 'application/json',
69 silly get     'cache-control': 'max-age=0',
69 silly get     'content-length': '51',
69 silly get     'accept-ranges': 'bytes',
69 silly get     date: 'Sat, 06 Jun 2015 02:46:28 GMT',
69 silly get     via: '1.1 varnish',
69 silly get     age: '0',
69 silly get     connection: 'keep-alive',
69 silly get     'x-served-by': 'cache-iad2120-IAD',
69 silly get     'x-cache': 'MISS',
69 silly get     'x-cache-hits': '0',
69 silly get     'x-timer': 'S1433558787.868127,VS0,VE354' } ]
70 verbose stack Error: 404 Not Found: node-glob
70 verbose stack     at CachingRegistryClient.<anonymous> (/usr/local/lib/node_modules/npm/node_modules/npm-registry-client/lib/request.js:245:14)
70 verbose stack     at Request._callback (/usr/local/lib/node_modules/npm/node_modules/npm-registry-client/lib/request.js:170:14)
70 verbose stack     at Request.self.callback (/usr/local/lib/node_modules/npm/node_modules/request/request.js:368:22)
70 verbose stack     at Request.EventEmitter.emit (events.js:98:17)
70 verbose stack     at Request.<anonymous> (/usr/local/lib/node_modules/npm/node_modules/request/request.js:1219:14)
70 verbose stack     at Request.EventEmitter.emit (events.js:117:20)
70 verbose stack     at IncomingMessage.<anonymous> (/usr/local/lib/node_modules/npm/node_modules/request/request.js:1167:12)
70 verbose stack     at IncomingMessage.EventEmitter.emit (events.js:117:20)
70 verbose stack     at _stream_readable.js:920:16
70 verbose stack     at process._tickCallback (node.js:415:13)
71 verbose statusCode 404
72 verbose pkgid node-glob
73 verbose cwd /home/dan/dev/ipa-input
74 error Linux 3.19.0-18-generic
75 error argv "node" "/usr/local/bin/npm" "install" "--save" "node-glob"
76 error node v0.10.25
77 error npm  v2.11.0
78 error code E404
79 error 404 Not Found: node-glob
79 error 404
79 error 404 'node-glob' is not in the npm registry.
79 error 404 You should bug the author to publish it (or use the name yourself!)
79 error 404 It was specified as a dependency of 'ipa-input'
79 error 404
79 error 404 Note that you can also install from a
79 error 404 tarball, folder, http url, or git url.
80 verbose exit [ 1, true ]
